[debug] [2020-12-09T09:10:16.832Z] ----------------------------------------------------------------------
[debug] [2020-12-09T09:10:16.834Z] Command:       C:\Program Files (x86)\Nodist\v-x64\11.13.0\node.exe C:\Program Files (x86)\Nodist\bin\node_modules\firebase-tools\lib\bin\firebase.js init
[debug] [2020-12-09T09:10:16.834Z] CLI Version:   8.18.0
[debug] [2020-12-09T09:10:16.834Z] Platform:      win32
[debug] [2020-12-09T09:10:16.835Z] Node Version:  v11.13.0
[debug] [2020-12-09T09:10:16.836Z] Time:          Wed Dec 09 2020 14:40:16 GMT+0530 (India Standard Time)
[debug] [2020-12-09T09:10:16.836Z] ----------------------------------------------------------------------
[debug] [2020-12-09T09:10:16.836Z] 
[debug] [2020-12-09T09:10:16.841Z] > command requires scopes: ["email","openid","https://www.googleapis.com/auth/cloudplatformprojects.readonly","https://www.googleapis.com/auth/firebase","https://www.googleapis.com/auth/cloud-platform"]
[debug] [2020-12-09T09:10:16.841Z] > authorizing via signed-in user
[info] 
     ######## #### ########  ######## ########     ###     ######  ########
     ##        ##  ##     ## ##       ##     ##  ##   ##  ##       ##
     ######    ##  ########  ######   ########  #########  ######  ######
     ##        ##  ##    ##  ##       ##     ## ##     ##       ## ##
     ##       #### ##     ## ######## ########  ##     ##  ######  ########

You're about to initialize a Firebase project in this directory:

  D:\Applications\Angular\learning\ssr-demo

[info] 
=== Project Setup
[info] 
[info] First, let's associate this project directory with a Firebase project.
[info] You can create multiple project aliases by running firebase use --add, 
[info] but for now we'll just set up a default project.
[info] 
[debug] [2020-12-09T09:10:41.917Z] > refreshing access token with scopes: ["email","https://www.googleapis.com/auth/cloud-platform","https://www.googleapis.com/auth/cloudplatformprojects.readonly","https://www.googleapis.com/auth/firebase","openid"]
[debug] [2020-12-09T09:10:41.917Z] >>> HTTP REQUEST POST https://www.googleapis.com/oauth2/v3/token  
 <request body omitted>
[debug] [2020-12-09T09:10:45.415Z] <<< HTTP RESPONSE 200 {"cache-control":"no-cache, no-store, max-age=0, must-revalidate","date":"Wed, 09 Dec 2020 09:10:46 GMT","expires":"Mon, 01 Jan 1990 00:00:00 GMT","pragma":"no-cache","content-type":"application/json; charset=utf-8","vary":"X-Origin, Referer, Origin,Accept-Encoding","server":"scaffolding on HTTPServer2","x-xss-protection":"0","x-frame-options":"SAMEORIGIN","x-content-type-options":"nosniff","alt-svc":"h3-29=\":443\"; ma=2592000,h3-T051=\":443\"; ma=2592000,h3-Q050=\":443\"; ma=2592000,h3-Q046=\":443\"; ma=2592000,h3-Q043=\":443\"; ma=2592000,quic=\":443\"; ma=2592000; v=\"46,43\"","accept-ranges":"none","transfer-encoding":"chunked"}
[debug] [2020-12-09T09:10:45.419Z] >>> HTTP REQUEST GET https://firebase.googleapis.com/v1beta1/projects?pageSize=100  
 
[debug] [2020-12-09T09:10:49.417Z] <<< HTTP RESPONSE 200 {"content-type":"application/json; charset=UTF-8","vary":"X-Origin, Referer, Origin,Accept-Encoding","date":"Wed, 09 Dec 2020 09:10:50 GMT","server":"ESF","cache-control":"private","x-xss-protection":"0","x-frame-options":"SAMEORIGIN","x-content-type-options":"nosniff","alt-svc":"h3-29=\":443\"; ma=2592000,h3-T051=\":443\"; ma=2592000,h3-Q050=\":443\"; ma=2592000,h3-Q046=\":443\"; ma=2592000,h3-Q043=\":443\"; ma=2592000,quic=\":443\"; ma=2592000; v=\"46,43\"","accept-ranges":"none","transfer-encoding":"chunked"}
[info] i  Using project angular-demo-298107 (angular-demo) 
[info] 
=== Functions Setup
[info] 
[info] A functions directory will be created in your project with a Node.js
[info] package pre-configured. Functions can be deployed with firebase deploy.
[info] 
[debug] [2020-12-09T09:10:52.690Z] > command requires scopes: ["email","openid","https://www.googleapis.com/auth/cloudplatformprojects.readonly","https://www.googleapis.com/auth/firebase","https://www.googleapis.com/auth/cloud-platform"]
[debug] [2020-12-09T09:10:52.691Z] > authorizing via signed-in user
[debug] [2020-12-09T09:10:52.691Z] [iam] checking project angular-demo-298107 for permissions ["firebase.projects.get"]
[debug] [2020-12-09T09:10:52.692Z] >>> HTTP REQUEST POST https://cloudresourcemanager.googleapis.com/v1/projects/angular-demo-298107:testIamPermissions  
 {"permissions":["firebase.projects.get"]}
[debug] [2020-12-09T09:10:59.584Z] <<< HTTP RESPONSE 200 {"content-type":"application/json; charset=UTF-8","vary":"X-Origin, Referer, Origin,Accept-Encoding","date":"Wed, 09 Dec 2020 09:11:01 GMT","server":"ESF","cache-control":"private","x-xss-protection":"0","x-frame-options":"SAMEORIGIN","x-content-type-options":"nosniff","server-timing":"gfet4t7; dur=1364","alt-svc":"h3-29=\":443\"; ma=2592000,h3-T051=\":443\"; ma=2592000,h3-Q050=\":443\"; ma=2592000,h3-Q046=\":443\"; ma=2592000,h3-Q043=\":443\"; ma=2592000,quic=\":443\"; ma=2592000; v=\"46,43\"","accept-ranges":"none","transfer-encoding":"chunked"}
[debug] [2020-12-09T09:10:59.588Z] >>> HTTP REQUEST POST https://serviceusage.googleapis.com/v1/projects/angular-demo-298107/services/cloudfunctions.googleapis.com:enable  
 
[debug] [2020-12-09T09:10:59.589Z] >>> HTTP REQUEST POST https://serviceusage.googleapis.com/v1/projects/angular-demo-298107/services/runtimeconfig.googleapis.com:enable  
 
[debug] [2020-12-09T09:11:06.705Z] <<< HTTP RESPONSE 200 {"content-type":"application/json; charset=UTF-8","vary":"X-Origin, Referer, Origin,Accept-Encoding","date":"Wed, 09 Dec 2020 09:11:08 GMT","server":"ESF","cache-control":"private","x-xss-protection":"0","x-frame-options":"SAMEORIGIN","x-content-type-options":"nosniff","alt-svc":"h3-29=\":443\"; ma=2592000,h3-T051=\":443\"; ma=2592000,h3-Q050=\":443\"; ma=2592000,h3-Q046=\":443\"; ma=2592000,h3-Q043=\":443\"; ma=2592000,quic=\":443\"; ma=2592000; v=\"46,43\"","accept-ranges":"none","transfer-encoding":"chunked"}
[debug] [2020-12-09T09:11:06.904Z] <<< HTTP RESPONSE 200 {"content-type":"application/json; charset=UTF-8","vary":"X-Origin, Referer, Origin,Accept-Encoding","date":"Wed, 09 Dec 2020 09:11:08 GMT","server":"ESF","cache-control":"private","x-xss-protection":"0","x-frame-options":"SAMEORIGIN","x-content-type-options":"nosniff","alt-svc":"h3-29=\":443\"; ma=2592000,h3-T051=\":443\"; ma=2592000,h3-Q050=\":443\"; ma=2592000,h3-Q046=\":443\"; ma=2592000,h3-Q043=\":443\"; ma=2592000,quic=\":443\"; ma=2592000; v=\"46,43\"","accept-ranges":"none","transfer-encoding":"chunked"}
[info] +  Wrote functions/package.json 
[info] +  Wrote functions/.eslintrc.js 
[info] +  Wrote functions/tsconfig.json 
[info] +  Wrote functions/src/index.ts 
[info] +  Wrote functions/.gitignore 
[info] 
=== Hosting Setup
[info] 
[info] Your public directory is the folder (relative to your project directory) that
[info] will contain Hosting assets to be uploaded with firebase deploy. If you
[info] have a build process for your assets, use your build's output directory.
[info] 
[debug] [2020-12-09T09:14:34.522Z] >>> [apiv2][query] GET https://www.gstatic.com/firebasejs/releases.json [none]
[debug] [2020-12-09T09:14:34.675Z] <<< [apiv2][status] GET https://www.gstatic.com/firebasejs/releases.json 200
[debug] [2020-12-09T09:14:34.675Z] <<< [apiv2][body] GET https://www.gstatic.com/firebasejs/releases.json {"current":{"version":"8.1.2","browserURL":"https://www.gstatic.com/firebasejs/8.1.2/firebase.js","packageURL":"https://www.gstatic.com/firebasejs/8.1.2/firebase.tgz"},"live":{"version":"8.1","browserURL":"https://www.gstatic.com/firebasejs/live/8.1/firebase.js","packageURL":"https://www.gstatic.com/firebasejs/live/8.1/firebase.tgz"},"components":{"analytics":"https://www.gstatic.com/firebasejs/8.1.2/firebase-analytics.js","app":"https://www.gstatic.com/firebasejs/8.1.2/firebase-app.js","auth":"https://www.gstatic.com/firebasejs/8.1.2/firebase-auth.js","database":"https://www.gstatic.com/firebasejs/8.1.2/firebase-database.js","firestore":"https://www.gstatic.com/firebasejs/8.1.2/firebase-firestore.js","functions":"https://www.gstatic.com/firebasejs/8.1.2/firebase-functions.js","installations":"https://www.gstatic.com/firebasejs/8.1.2/firebase-installations.js","messaging":"https://www.gstatic.com/firebasejs/8.1.2/firebase-messaging.js","storage":"https://www.gstatic.com/firebasejs/8.1.2/firebase-storage.js","performance":"https://www.gstatic.com/firebasejs/8.1.2/firebase-performance.js","remote-config":"https://www.gstatic.com/firebasejs/8.1.2/firebase-remote-config.js","firestore.memory":"https://www.gstatic.com/firebasejs/8.1.2/firebase-firestore.memory.js"}}
[info] +  Wrote dist/browser/index.html 
[info] 
[info] i  Detected a .git folder at D:\Applications\Angular\learning\ssr-demo 
[info] i  Authorizing with GitHub to upload your service account to a GitHub repository's secrets store. 
[info] 
[info] Visit this URL on this device to log in:
[info] https://github.com/login/oauth/authorize?client_id=89cf50f02ac6aaed3484&state=336542158&redirect_uri=http%3A%2F%2Flocalhost%3A9005&scope=read%3Auser%20repo%20public_repo
[info] 
[info] Waiting for authentication...
[debug] [2020-12-09T09:14:44.873Z] >>> HTTP REQUEST POST https://github.com/login/oauth/access_token  
 {"client_id":"89cf50f02ac6aaed3484","client_secret":"3330d14abc895d9a74d5f17cd7a00711fa2c5bf0","code":"243c821db65206140f29","redirect_uri":"http://localhost:9005","state":"336542158"}
[debug] [2020-12-09T09:14:45.154Z] <<< HTTP RESPONSE 200 {"date":"Wed, 09 Dec 2020 09:14:46 GMT","content-type":"application/json; charset=utf-8","transfer-encoding":"chunked","server":"GitHub.com","status":"200 OK","vary":"X-PJAX, Accept-Encoding, Accept, X-Requested-With, Accept-Encoding","etag":"W/\"c4dc40ecd4ae267603774f5ba6d9ac5e\"","cache-control":"max-age=0, private, must-revalidate","strict-transport-security":"max-age=31536000; includeSubdomains; preload","x-frame-options":"deny","x-content-type-options":"nosniff","x-xss-protection":"1; mode=block","referrer-policy":"origin-when-cross-origin, strict-origin-when-cross-origin","expect-ct":"max-age=2592000, report-uri=\"https://api.github.com/_private/browser/errors\"","content-security-policy":"default-src 'none'; base-uri 'self'; block-all-mixed-content; connect-src 'self' uploads.github.com www.githubstatus.com collector.githubapp.com api.github.com github-cloud.s3.amazonaws.com github-production-repository-file-5c1aeb.s3.amazonaws.com github-production-upload-manifest-file-7fdce7.s3.amazonaws.com github-production-user-asset-6210df.s3.amazonaws.com cdn.optimizely.com logx.optimizely.com/v1/events wss://alive.github.com; font-src github.githubassets.com; form-action 'self' github.com gist.github.com; frame-ancestors 'none'; frame-src render.githubusercontent.com; img-src 'self' data: github.githubassets.com identicons.github.com collector.githubapp.com github-cloud.s3.amazonaws.com *.githubusercontent.com; manifest-src 'self'; media-src 'none'; script-src github.githubassets.com; style-src 'unsafe-inline' github.githubassets.com; worker-src github.com/socket-worker.js gist.github.com/socket-worker.js","x-github-request-id":"E431:5264:91A5E:C16CF:5FD09586"}
[debug] [2020-12-09T09:14:45.154Z] >>> [apiv2][query] GET https://api.github.com/user [none]
[debug] [2020-12-09T09:14:45.511Z] <<< [apiv2][status] GET https://api.github.com/user 200
[debug] [2020-12-09T09:14:45.511Z] <<< [apiv2][body] GET https://api.github.com/user {"login":"Abdulrehman1793","id":17214870,"node_id":"MDQ6VXNlcjE3MjE0ODcw","avatar_url":"https://avatars3.githubusercontent.com/u/17214870?v=4","gravatar_id":"","url":"https://api.github.com/users/Abdulrehman1793","html_url":"https://github.com/Abdulrehman1793","followers_url":"https://api.github.com/users/Abdulrehman1793/followers","following_url":"https://api.github.com/users/Abdulrehman1793/following{/other_user}","gists_url":"https://api.github.com/users/Abdulrehman1793/gists{/gist_id}","starred_url":"https://api.github.com/users/Abdulrehman1793/starred{/owner}{/repo}","subscriptions_url":"https://api.github.com/users/Abdulrehman1793/subscriptions","organizations_url":"https://api.github.com/users/Abdulrehman1793/orgs","repos_url":"https://api.github.com/users/Abdulrehman1793/repos","events_url":"https://api.github.com/users/Abdulrehman1793/events{/privacy}","received_events_url":"https://api.github.com/users/Abdulrehman1793/received_events","type":"User","site_admin":false,"name":"KHAN ABDULREHMAN","company":"Amaz Infotech","blog":"","location":"MUMBAI","email":null,"hireable":true,"bio":"Over 3.5 years of experience facilitating cutting-edge of engineering solutions with a wide range of application and technology skills. ","twitter_username":null,"public_repos":13,"public_gists":0,"followers":0,"following":0,"created_at":"2016-02-13T08:46:40Z","updated_at":"2020-12-09T09:14:46Z","private_gists":0,"total_private_repos":8,"owned_private_repos":8,"disk_usage":4348,"collaborators":0,"two_factor_authentication":true,"plan":{"name":"free","space":976562499,"collaborators":0,"private_repos":10000}}
[info] 
[info] +  Success! Logged into GitHub as Abdulrehman1793 
[info] 
